00000000 80000000 00001197   auipc x3, 0x00001           x3:80001000, imm:00001000
00000001 80000004 82c18193   addi x3, x3, 0x82c          x3:8000082c, x3:80001000, imm:fffff82c
00000002 80000008 00020297   auipc x5, 0x00020           x5:80020008, imm:00020000
00000003 8000000c ff828293   addi x5, x5, 0xff8          x5:80020000, x5:80020008, imm:fffffff8
00000004 80000010 00028113   addi x2, x5, 0x000          x2:80020000, x5:80020000, imm:00000000
00000005 80000014 00000097   auipc x1, 0x00000           x1:80000014, imm:00000000
00000006 80000018 018080e7   jalr x1, x1, 0x18           x1:8000001c, x1:80000014, soff:00000018, br_taken:1, ta:8000002c
00000007 8000002c ff010113   addi x2, x2, 0xff0          x2:8001fff0, x2:80020000, imm:fffffff0
00000008 80000030 00000597   auipc x11, 0x00000          x11:80000030, imm:00000000
00000009 80000034 2f058593   addi x11, x11, 0x2f0        x11:80000320, x11:80000030, imm:000002f0
0000000a 80000038 00000517   auipc x10, 0x00000          x10:80000038, imm:00000000
0000000b 8000003c 36850513   addi x10, x10, 0x368        x10:800003a0, x10:80000038, imm:00000368
0000000c 80000040 00113423   sd x1, 0x008(x2)            x1:8000001c, soff:00000008, x2:8001fff0, eaddr:8001fff8
0000000d 80000044 00813023   sd x8, 0x000(x2)            x8:00000000, soff:00000000, x2:8001fff0, eaddr:8001fff0
0000000e 80000048 00000097   auipc x1, 0x00000           x1:80000048, imm:00000000
0000000f 8000004c 110080e7   jalr x1, x1, 0x110          x1:80000050, x1:80000048, soff:00000110, br_taken:1, ta:80000158
00000010 80000158 00050023   sb x0, 0x000(x10)           x0:00000000, soff:00000000, x10:800003a0, eaddr:800003a0
00000011 8000015c 04200793   addi x15, x0, 0x042         x15:00000042, x0:00000000, imm:00000042
00000012 80000160 00f508a3   sb x15, 0x011(x10)          x15:00000042, soff:00000011, x10:800003a0, eaddr:800003b1
00000013 80000164 05500793   addi x15, x0, 0x055         x15:00000055, x0:00000000, imm:00000055
00000014 80000168 02f50123   sb x15, 0x022(x10)          x15:00000055, soff:00000022, x10:800003a0, eaddr:800003c2
00000015 8000016c 07f00793   addi x15, x0, 0x07f         x15:0000007f, x0:00000000, imm:0000007f
00000016 80000170 02f509a3   sb x15, 0x033(x10)          x15:0000007f, soff:00000033, x10:800003a0, eaddr:800003d3
00000017 80000174 fff00793   addi x15, x0, 0xfff         x15:ffffffff, x0:00000000, imm:ffffffff
00000018 80000178 04f50223   sb x15, 0x044(x10)          x15:ffffffff, soff:00000044, x10:800003a0, eaddr:800003e4
00000019 8000017c fd300793   addi x15, x0, 0xfd3         x15:ffffffd3, x0:00000000, imm:ffffffd3
0000001a 80000180 04f50aa3   sb x15, 0x055(x10)          x15:ffffffd3, soff:00000055, x10:800003a0, eaddr:800003f5
0000001b 80000184 f9600793   addi x15, x0, 0xf96         x15:ffffff96, x0:00000000, imm:ffffff96
0000001c 80000188 06f50323   sb x15, 0x066(x10)          x15:ffffff96, soff:00000066, x10:800003a0, eaddr:80000406
0000001d 8000018c f8100713   addi x14, x0, 0xf81         x14:ffffff81, x0:00000000, imm:ffffff81
0000001e 80000190 00050793   addi x15, x10, 0x000        x15:800003a0, x10:800003a0, imm:00000000
0000001f 80000194 06e50ba3   sb x14, 0x077(x10)          x14:ffffff81, soff:00000077, x10:800003a0, eaddr:80000417
00000020 80000198 08050613   addi x12, x10, 0x080        x12:80000420, x10:800003a0, imm:00000080
00000021 8000019c 00000513   addi x10, x0, 0x000         x10:00000000, x0:00000000, imm:00000000
00000022 800001a0 0007b683   ld x13, 0x000(x15)          x13:00000000aaaaaa00, x15:00000000800003a0, imm:0000000000000000, eaddr:00000000800003a0
00000023 800001a4 0005b703   ld x14, 0x000(x11)          x14:00000000aaaaaa00, x11:0000000080000320, imm:0000000000000000, eaddr:0000000080000320
00000024 800001a8 00e68c63   beq x13, x14, 0x800001c0    x13:aaaaaa00, x14:aaaaaa00, soff:00000018, br_taken:1, ta:800001c0
00000025 800001c0 0087b683   ld x13, 0x008(x15)          x13:00000000aaaaaaaa, x15:00000000800003a0, imm:0000000000000008, eaddr:00000000800003a8
00000026 800001c4 0085b703   ld x14, 0x008(x11)          x14:00000000aaaaaaaa, x11:0000000080000320, imm:0000000000000008, eaddr:0000000080000328
00000027 800001c8 fee692e3   bne x13, x14, 0x800001ac    x13:aaaaaaaa, x14:aaaaaaaa, soff:ffffffe4, br_taken:0, ta:800001ac
00000028 800001cc fe5ff06f   jal x0, 0x800001b0          x0:00000000, soff:ffffffe4, br_taken:1, ta:800001b0
00000029 800001b0 01078793   addi x15, x15, 0x010        x15:800003b0, x15:800003a0, imm:00000010
0000002a 800001b4 01058593   addi x11, x11, 0x010        x11:80000330, x11:80000320, imm:00000010
0000002b 800001b8 fec794e3   bne x15, x12, 0x800001a0    x15:800003b0, x12:80000420, soff:ffffffe8, br_taken:1, ta:800001a0
0000002c 800001a0 0007b683   ld x13, 0x000(x15)          x13:00000000aaaa42aa, x15:00000000800003b0, imm:0000000000000000, eaddr:00000000800003b0
0000002d 800001a4 0005b703   ld x14, 0x000(x11)          x14:00000000aaaa42aa, x11:0000000080000330, imm:0000000000000000, eaddr:0000000080000330
0000002e 800001a8 00e68c63   beq x13, x14, 0x800001c0    x13:aaaa42aa, x14:aaaa42aa, soff:00000018, br_taken:1, ta:800001c0
0000002f 800001c0 0087b683   ld x13, 0x008(x15)          x13:00000000aaaaaaaa, x15:00000000800003b0, imm:0000000000000008, eaddr:00000000800003b8
00000030 800001c4 0085b703   ld x14, 0x008(x11)          x14:00000000aaaaaaaa, x11:0000000080000330, imm:0000000000000008, eaddr:0000000080000338
00000031 800001c8 fee692e3   bne x13, x14, 0x800001ac    x13:aaaaaaaa, x14:aaaaaaaa, soff:ffffffe4, br_taken:0, ta:800001ac
00000032 800001cc fe5ff06f   jal x0, 0x800001b0          x0:00000000, soff:ffffffe4, br_taken:1, ta:800001b0
00000033 800001b0 01078793   addi x15, x15, 0x010        x15:800003c0, x15:800003b0, imm:00000010
00000034 800001b4 01058593   addi x11, x11, 0x010        x11:80000340, x11:80000330, imm:00000010
00000035 800001b8 fec794e3   bne x15, x12, 0x800001a0    x15:800003c0, x12:80000420, soff:ffffffe8, br_taken:1, ta:800001a0
00000036 800001a0 0007b683   ld x13, 0x000(x15)          x13:00000000aa55aaaa, x15:00000000800003c0, imm:0000000000000000, eaddr:00000000800003c0
00000037 800001a4 0005b703   ld x14, 0x000(x11)          x14:00000000aa55aaaa, x11:0000000080000340, imm:0000000000000000, eaddr:0000000080000340
00000038 800001a8 00e68c63   beq x13, x14, 0x800001c0    x13:aa55aaaa, x14:aa55aaaa, soff:00000018, br_taken:1, ta:800001c0
00000039 800001c0 0087b683   ld x13, 0x008(x15)          x13:00000000aaaaaaaa, x15:00000000800003c0, imm:0000000000000008, eaddr:00000000800003c8
0000003a 800001c4 0085b703   ld x14, 0x008(x11)          x14:00000000aaaaaaaa, x11:0000000080000340, imm:0000000000000008, eaddr:0000000080000348
0000003b 800001c8 fee692e3   bne x13, x14, 0x800001ac    x13:aaaaaaaa, x14:aaaaaaaa, soff:ffffffe4, br_taken:0, ta:800001ac
0000003c 800001cc fe5ff06f   jal x0, 0x800001b0          x0:00000000, soff:ffffffe4, br_taken:1, ta:800001b0
0000003d 800001b0 01078793   addi x15, x15, 0x010        x15:800003d0, x15:800003c0, imm:00000010
0000003e 800001b4 01058593   addi x11, x11, 0x010        x11:80000350, x11:80000340, imm:00000010
0000003f 800001b8 fec794e3   bne x15, x12, 0x800001a0    x15:800003d0, x12:80000420, soff:ffffffe8, br_taken:1, ta:800001a0
00000040 800001a0 0007b683   ld x13, 0x000(x15)          x13:000000007faaaaaa, x15:00000000800003d0, imm:0000000000000000, eaddr:00000000800003d0
00000041 800001a4 0005b703   ld x14, 0x000(x11)          x14:000000007faaaaaa, x11:0000000080000350, imm:0000000000000000, eaddr:0000000080000350
00000042 800001a8 00e68c63   beq x13, x14, 0x800001c0    x13:7faaaaaa, x14:7faaaaaa, soff:00000018, br_taken:1, ta:800001c0
00000043 800001c0 0087b683   ld x13, 0x008(x15)          x13:00000000aaaaaaaa, x15:00000000800003d0, imm:0000000000000008, eaddr:00000000800003d8
00000044 800001c4 0085b703   ld x14, 0x008(x11)          x14:00000000aaaaaaaa, x11:0000000080000350, imm:0000000000000008, eaddr:0000000080000358
00000045 800001c8 fee692e3   bne x13, x14, 0x800001ac    x13:aaaaaaaa, x14:aaaaaaaa, soff:ffffffe4, br_taken:0, ta:800001ac
00000046 800001cc fe5ff06f   jal x0, 0x800001b0          x0:00000000, soff:ffffffe4, br_taken:1, ta:800001b0
00000047 800001b0 01078793   addi x15, x15, 0x010        x15:800003e0, x15:800003d0, imm:00000010
00000048 800001b4 01058593   addi x11, x11, 0x010        x11:80000360, x11:80000350, imm:00000010
00000049 800001b8 fec794e3   bne x15, x12, 0x800001a0    x15:800003e0, x12:80000420, soff:ffffffe8, br_taken:1, ta:800001a0
0000004a 800001a0 0007b683   ld x13, 0x000(x15)          x13:00000000aaaaaaaa, x15:00000000800003e0, imm:0000000000000000, eaddr:00000000800003e0
0000004b 800001a4 0005b703   ld x14, 0x000(x11)          x14:00000000aaaaaaaa, x11:0000000080000360, imm:0000000000000000, eaddr:0000000080000360
0000004c 800001a8 00e68c63   beq x13, x14, 0x800001c0    x13:aaaaaaaa, x14:aaaaaaaa, soff:00000018, br_taken:1, ta:800001c0
0000004d 800001c0 0087b683   ld x13, 0x008(x15)          x13:00000000aaaaaaaa, x15:00000000800003e0, imm:0000000000000008, eaddr:00000000800003e8
0000004e 800001c4 0085b703   ld x14, 0x008(x11)          x14:00000000aaaaaaaa, x11:0000000080000360, imm:0000000000000008, eaddr:0000000080000368
0000004f 800001c8 fee692e3   bne x13, x14, 0x800001ac    x13:aaaaaaaa, x14:aaaaaaaa, soff:ffffffe4, br_taken:0, ta:800001ac
00000050 800001cc fe5ff06f   jal x0, 0x800001b0          x0:00000000, soff:ffffffe4, br_taken:1, ta:800001b0
00000051 800001b0 01078793   addi x15, x15, 0x010        x15:800003f0, x15:800003e0, imm:00000010
00000052 800001b4 01058593   addi x11, x11, 0x010        x11:80000370, x11:80000360, imm:00000010
00000053 800001b8 fec794e3   bne x15, x12, 0x800001a0    x15:800003f0, x12:80000420, soff:ffffffe8, br_taken:1, ta:800001a0
00000054 800001a0 0007b683   ld x13, 0x000(x15)          x13:00000000aaaaaaaa, x15:00000000800003f0, imm:0000000000000000, eaddr:00000000800003f0
00000055 800001a4 0005b703   ld x14, 0x000(x11)          x14:00000000aaaaaaaa, x11:0000000080000370, imm:0000000000000000, eaddr:0000000080000370
00000056 800001a8 00e68c63   beq x13, x14, 0x800001c0    x13:aaaaaaaa, x14:aaaaaaaa, soff:00000018, br_taken:1, ta:800001c0
00000057 800001c0 0087b683   ld x13, 0x008(x15)          x13:00000000aaaaaaaa, x15:00000000800003f0, imm:0000000000000008, eaddr:00000000800003f8
00000058 800001c4 0085b703   ld x14, 0x008(x11)          x14:00000000aaaaaaaa, x11:0000000080000370, imm:0000000000000008, eaddr:0000000080000378
00000059 800001c8 fee692e3   bne x13, x14, 0x800001ac    x13:aaaaaaaa, x14:aaaaaaaa, soff:ffffffe4, br_taken:0, ta:800001ac
0000005a 800001cc fe5ff06f   jal x0, 0x800001b0          x0:00000000, soff:ffffffe4, br_taken:1, ta:800001b0
0000005b 800001b0 01078793   addi x15, x15, 0x010        x15:80000400, x15:800003f0, imm:00000010
0000005c 800001b4 01058593   addi x11, x11, 0x010        x11:80000380, x11:80000370, imm:00000010
0000005d 800001b8 fec794e3   bne x15, x12, 0x800001a0    x15:80000400, x12:80000420, soff:ffffffe8, br_taken:1, ta:800001a0
0000005e 800001a0 0007b683   ld x13, 0x000(x15)          x13:00000000aaaaaaaa, x15:0000000080000400, imm:0000000000000000, eaddr:0000000080000400
0000005f 800001a4 0005b703   ld x14, 0x000(x11)          x14:00000000aaaaaaaa, x11:0000000080000380, imm:0000000000000000, eaddr:0000000080000380
00000060 800001a8 00e68c63   beq x13, x14, 0x800001c0    x13:aaaaaaaa, x14:aaaaaaaa, soff:00000018, br_taken:1, ta:800001c0
00000061 800001c0 0087b683   ld x13, 0x008(x15)          x13:00000000aaaaaaaa, x15:0000000080000400, imm:0000000000000008, eaddr:0000000080000408
00000062 800001c4 0085b703   ld x14, 0x008(x11)          x14:00000000aaaaaaaa, x11:0000000080000380, imm:0000000000000008, eaddr:0000000080000388
00000063 800001c8 fee692e3   bne x13, x14, 0x800001ac    x13:aaaaaaaa, x14:aaaaaaaa, soff:ffffffe4, br_taken:0, ta:800001ac
00000064 800001cc fe5ff06f   jal x0, 0x800001b0          x0:00000000, soff:ffffffe4, br_taken:1, ta:800001b0
00000065 800001b0 01078793   addi x15, x15, 0x010        x15:80000410, x15:80000400, imm:00000010
00000066 800001b4 01058593   addi x11, x11, 0x010        x11:80000390, x11:80000380, imm:00000010
00000067 800001b8 fec794e3   bne x15, x12, 0x800001a0    x15:80000410, x12:80000420, soff:ffffffe8, br_taken:1, ta:800001a0
00000068 800001a0 0007b683   ld x13, 0x000(x15)          x13:00000000aaaaaaaa, x15:0000000080000410, imm:0000000000000000, eaddr:0000000080000410
00000069 800001a4 0005b703   ld x14, 0x000(x11)          x14:00000000aaaaaaaa, x11:0000000080000390, imm:0000000000000000, eaddr:0000000080000390
0000006a 800001a8 00e68c63   beq x13, x14, 0x800001c0    x13:aaaaaaaa, x14:aaaaaaaa, soff:00000018, br_taken:1, ta:800001c0
0000006b 800001c0 0087b683   ld x13, 0x008(x15)          x13:00000000aaaaaaaa, x15:0000000080000410, imm:0000000000000008, eaddr:0000000080000418
0000006c 800001c4 0085b703   ld x14, 0x008(x11)          x14:00000000aaaaaaaa, x11:0000000080000390, imm:0000000000000008, eaddr:0000000080000398
0000006d 800001c8 fee692e3   bne x13, x14, 0x800001ac    x13:aaaaaaaa, x14:aaaaaaaa, soff:ffffffe4, br_taken:0, ta:800001ac
0000006e 800001cc fe5ff06f   jal x0, 0x800001b0          x0:00000000, soff:ffffffe4, br_taken:1, ta:800001b0
0000006f 800001b0 01078793   addi x15, x15, 0x010        x15:80000420, x15:80000410, imm:00000010
00000070 800001b4 01058593   addi x11, x11, 0x010        x11:800003a0, x11:80000390, imm:00000010
00000071 800001b8 fec794e3   bne x15, x12, 0x800001a0    x15:80000420, x12:80000420, soff:ffffffe8, br_taken:0, ta:800001a0
00000072 800001bc 00008067   jalr x0, x1, 0x0            x0:00000000, x1:80000050, soff:00000000, br_taken:1, ta:80000050
00000073 80000050 00050413   addi x8, x10, 0x000         x8:00000000, x10:00000000, imm:00000000
00000074 80000054 00000597   auipc x11, 0x00000          x11:80000054, imm:00000000
00000075 80000058 3cc58593   addi x11, x11, 0x3cc        x11:80000420, x11:80000054, imm:000003cc
00000076 8000005c 00000517   auipc x10, 0x00000          x10:8000005c, imm:00000000
00000077 80000060 44450513   addi x10, x10, 0x444        x10:800004a0, x10:8000005c, imm:00000444
00000078 80000064 00000097   auipc x1, 0x00000           x1:80000064, imm:00000000
00000079 80000068 16c080e7   jalr x1, x1, 0x16c          x1:8000006c, x1:80000064, soff:0000016c, br_taken:1, ta:800001d0
0000007a 800001d0 ffff8737   lui x14, 0xffff8            x14:ffff8000, imm:ffff8000
0000007b 800001d4 fff74693   xori x13, x14, 0xfff        x13:00007fff, x14:ffff8000, imm:ffffffff
0000007c 800001d8 000077b7   lui x15, 0x00007            x15:00007000, imm:00007000
0000007d 800001dc 00d51023   sh x13, 0x000(x10)          x13:00007fff, soff:00000000, x10:800004a0, eaddr:800004a0
0000007e 800001e0 7f078693   addi x13, x15, 0x7f0        x13:000077f0, x15:00007000, imm:000007f0
0000007f 800001e4 00d518a3   sh x13, 0x011(x10)          x13:000077f0, soff:00000011, x10:800004a0, eaddr:800004b1
00000080 800001e8 fe178793   addi x15, x15, 0xfe1        x15:00006fe1, x15:00007000, imm:ffffffe1
00000081 800001ec 02f51123   sh x15, 0x022(x10)          x15:00006fe1, soff:00000022, x10:800004a0, eaddr:800004c2
00000082 800001f0 000067b7   lui x15, 0x00006            x15:00006000, imm:00006000
00000083 800001f4 7d278793   addi x15, x15, 0x7d2        x15:000067d2, x15:00006000, imm:000007d2
00000084 800001f8 02f519a3   sh x15, 0x033(x10)          x15:000067d2, soff:00000033, x10:800004a0, eaddr:800004d3
00000085 800001fc ffff97b7   lui x15, 0xffff9            x15:ffff9000, imm:ffff9000
00000086 80000200 04e51223   sh x14, 0x044(x10)          x14:ffff8000, soff:00000044, x10:800004a0, eaddr:800004e4
00000087 80000204 80f78713   addi x14, x15, 0x80f        x14:ffff880f, x15:ffff9000, imm:fffff80f
00000088 80000208 04e51aa3   sh x14, 0x055(x10)          x14:ffff880f, soff:00000055, x10:800004a0, eaddr:800004f5
00000089 8000020c 01e78793   addi x15, x15, 0x01e        x15:ffff901e, x15:ffff9000, imm:0000001e
0000008a 80000210 ffffa737   lui x14, 0xffffa            x14:ffffa000, imm:ffffa000
0000008b 80000214 06f51323   sh x15, 0x066(x10)          x15:ffff901e, soff:00000066, x10:800004a0, eaddr:80000506
0000008c 80000218 82d70713   addi x14, x14, 0x82d        x14:ffff982d, x14:ffffa000, imm:fffff82d
0000008d 8000021c 00050793   addi x15, x10, 0x000        x15:800004a0, x10:800004a0, imm:00000000
0000008e 80000220 06e51ba3   sh x14, 0x077(x10)          x14:ffff982d, soff:00000077, x10:800004a0, eaddr:80000517
0000008f 80000224 08050613   addi x12, x10, 0x080        x12:80000520, x10:800004a0, imm:00000080
00000090 80000228 00000513   addi x10, x0, 0x000         x10:00000000, x0:00000000, imm:00000000
00000091 8000022c 0007b683   ld x13, 0x000(x15)          x13:00000000aaaa7fff, x15:00000000800004a0, imm:0000000000000000, eaddr:00000000800004a0
00000092 80000230 0005b703   ld x14, 0x000(x11)          x14:00000000aaaa7fff, x11:0000000080000420, imm:0000000000000000, eaddr:0000000080000420
00000093 80000234 00e68c63   beq x13, x14, 0x8000024c    x13:aaaa7fff, x14:aaaa7fff, soff:00000018, br_taken:1, ta:8000024c
00000094 8000024c 0087b683   ld x13, 0x008(x15)          x13:00000000aaaaaaaa, x15:00000000800004a0, imm:0000000000000008, eaddr:00000000800004a8
00000095 80000250 0085b703   ld x14, 0x008(x11)          x14:00000000aaaaaaaa, x11:0000000080000420, imm:0000000000000008, eaddr:0000000080000428
00000096 80000254 fee692e3   bne x13, x14, 0x80000238    x13:aaaaaaaa, x14:aaaaaaaa, soff:ffffffe4, br_taken:0, ta:80000238
00000097 80000258 fe5ff06f   jal x0, 0x8000023c          x0:00000000, soff:ffffffe4, br_taken:1, ta:8000023c
00000098 8000023c 01078793   addi x15, x15, 0x010        x15:800004b0, x15:800004a0, imm:00000010
00000099 80000240 01058593   addi x11, x11, 0x010        x11:80000430, x11:80000420, imm:00000010
0000009a 80000244 fef614e3   bne x12, x15, 0x8000022c    x12:80000520, x15:800004b0, soff:ffffffe8, br_taken:1, ta:8000022c
0000009b 8000022c 0007b683   ld x13, 0x000(x15)          x13:00000000aa77f0aa, x15:00000000800004b0, imm:0000000000000000, eaddr:00000000800004b0
0000009c 80000230 0005b703   ld x14, 0x000(x11)          x14:00000000aa77f0aa, x11:0000000080000430, imm:0000000000000000, eaddr:0000000080000430
0000009d 80000234 00e68c63   beq x13, x14, 0x8000024c    x13:aa77f0aa, x14:aa77f0aa, soff:00000018, br_taken:1, ta:8000024c
0000009e 8000024c 0087b683   ld x13, 0x008(x15)          x13:00000000aaaaaaaa, x15:00000000800004b0, imm:0000000000000008, eaddr:00000000800004b8
0000009f 80000250 0085b703   ld x14, 0x008(x11)          x14:00000000aaaaaaaa, x11:0000000080000430, imm:0000000000000008, eaddr:0000000080000438
000000a0 80000254 fee692e3   bne x13, x14, 0x80000238    x13:aaaaaaaa, x14:aaaaaaaa, soff:ffffffe4, br_taken:0, ta:80000238
000000a1 80000258 fe5ff06f   jal x0, 0x8000023c          x0:00000000, soff:ffffffe4, br_taken:1, ta:8000023c
000000a2 8000023c 01078793   addi x15, x15, 0x010        x15:800004c0, x15:800004b0, imm:00000010
000000a3 80000240 01058593   addi x11, x11, 0x010        x11:80000440, x11:80000430, imm:00000010
000000a4 80000244 fef614e3   bne x12, x15, 0x8000022c    x12:80000520, x15:800004c0, soff:ffffffe8, br_taken:1, ta:8000022c
000000a5 8000022c 0007b683   ld x13, 0x000(x15)          x13:000000006fe1aaaa, x15:00000000800004c0, imm:0000000000000000, eaddr:00000000800004c0
000000a6 80000230 0005b703   ld x14, 0x000(x11)          x14:000000006fe1aaaa, x11:0000000080000440, imm:0000000000000000, eaddr:0000000080000440
000000a7 80000234 00e68c63   beq x13, x14, 0x8000024c    x13:6fe1aaaa, x14:6fe1aaaa, soff:00000018, br_taken:1, ta:8000024c
000000a8 8000024c 0087b683   ld x13, 0x008(x15)          x13:00000000aaaaaaaa, x15:00000000800004c0, imm:0000000000000008, eaddr:00000000800004c8
000000a9 80000250 0085b703   ld x14, 0x008(x11)          x14:00000000aaaaaaaa, x11:0000000080000440, imm:0000000000000008, eaddr:0000000080000448
000000aa 80000254 fee692e3   bne x13, x14, 0x80000238    x13:aaaaaaaa, x14:aaaaaaaa, soff:ffffffe4, br_taken:0, ta:80000238
000000ab 80000258 fe5ff06f   jal x0, 0x8000023c          x0:00000000, soff:ffffffe4, br_taken:1, ta:8000023c
000000ac 8000023c 01078793   addi x15, x15, 0x010        x15:800004d0, x15:800004c0, imm:00000010
000000ad 80000240 01058593   addi x11, x11, 0x010        x11:80000450, x11:80000440, imm:00000010
000000ae 80000244 fef614e3   bne x12, x15, 0x8000022c    x12:80000520, x15:800004d0, soff:ffffffe8, br_taken:1, ta:8000022c
000000af 8000022c 0007b683   ld x13, 0x000(x15)          x13:00000000d2aaaaaa, x15:00000000800004d0, imm:0000000000000000, eaddr:00000000800004d0
000000b0 80000230 0005b703   ld x14, 0x000(x11)          x14:00000000d2aaaaaa, x11:0000000080000450, imm:0000000000000000, eaddr:0000000080000450
000000b1 80000234 00e68c63   beq x13, x14, 0x8000024c    x13:d2aaaaaa, x14:d2aaaaaa, soff:00000018, br_taken:1, ta:8000024c
000000b2 8000024c 0087b683   ld x13, 0x008(x15)          x13:00000000aaaaaaaa, x15:00000000800004d0, imm:0000000000000008, eaddr:00000000800004d8
000000b3 80000250 0085b703   ld x14, 0x008(x11)          x14:00000000aaaaaaaa, x11:0000000080000450, imm:0000000000000008, eaddr:0000000080000458
000000b4 80000254 fee692e3   bne x13, x14, 0x80000238    x13:aaaaaaaa, x14:aaaaaaaa, soff:ffffffe4, br_taken:0, ta:80000238
000000b5 80000258 fe5ff06f   jal x0, 0x8000023c          x0:00000000, soff:ffffffe4, br_taken:1, ta:8000023c
000000b6 8000023c 01078793   addi x15, x15, 0x010        x15:800004e0, x15:800004d0, imm:00000010
000000b7 80000240 01058593   addi x11, x11, 0x010        x11:80000460, x11:80000450, imm:00000010
000000b8 80000244 fef614e3   bne x12, x15, 0x8000022c    x12:80000520, x15:800004e0, soff:ffffffe8, br_taken:1, ta:8000022c
000000b9 8000022c 0007b683   ld x13, 0x000(x15)          x13:00000000aaaaaaaa, x15:00000000800004e0, imm:0000000000000000, eaddr:00000000800004e0
000000ba 80000230 0005b703   ld x14, 0x000(x11)          x14:00000000aaaaaaaa, x11:0000000080000460, imm:0000000000000000, eaddr:0000000080000460
000000bb 80000234 00e68c63   beq x13, x14, 0x8000024c    x13:aaaaaaaa, x14:aaaaaaaa, soff:00000018, br_taken:1, ta:8000024c
000000bc 8000024c 0087b683   ld x13, 0x008(x15)          x13:00000000aaaaaaaa, x15:00000000800004e0, imm:0000000000000008, eaddr:00000000800004e8
000000bd 80000250 0085b703   ld x14, 0x008(x11)          x14:00000000aaaaaaaa, x11:0000000080000460, imm:0000000000000008, eaddr:0000000080000468
000000be 80000254 fee692e3   bne x13, x14, 0x80000238    x13:aaaaaaaa, x14:aaaaaaaa, soff:ffffffe4, br_taken:0, ta:80000238
000000bf 80000258 fe5ff06f   jal x0, 0x8000023c          x0:00000000, soff:ffffffe4, br_taken:1, ta:8000023c
000000c0 8000023c 01078793   addi x15, x15, 0x010        x15:800004f0, x15:800004e0, imm:00000010
000000c1 80000240 01058593   addi x11, x11, 0x010        x11:80000470, x11:80000460, imm:00000010
000000c2 80000244 fef614e3   bne x12, x15, 0x8000022c    x12:80000520, x15:800004f0, soff:ffffffe8, br_taken:1, ta:8000022c
000000c3 8000022c 0007b683   ld x13, 0x000(x15)          x13:00000000aaaaaaaa, x15:00000000800004f0, imm:0000000000000000, eaddr:00000000800004f0
000000c4 80000230 0005b703   ld x14, 0x000(x11)          x14:00000000aaaaaaaa, x11:0000000080000470, imm:0000000000000000, eaddr:0000000080000470
000000c5 80000234 00e68c63   beq x13, x14, 0x8000024c    x13:aaaaaaaa, x14:aaaaaaaa, soff:00000018, br_taken:1, ta:8000024c
000000c6 8000024c 0087b683   ld x13, 0x008(x15)          x13:00000000aaaaaaaa, x15:00000000800004f0, imm:0000000000000008, eaddr:00000000800004f8
000000c7 80000250 0085b703   ld x14, 0x008(x11)          x14:00000000aaaaaaaa, x11:0000000080000470, imm:0000000000000008, eaddr:0000000080000478
000000c8 80000254 fee692e3   bne x13, x14, 0x80000238    x13:aaaaaaaa, x14:aaaaaaaa, soff:ffffffe4, br_taken:0, ta:80000238
000000c9 80000258 fe5ff06f   jal x0, 0x8000023c          x0:00000000, soff:ffffffe4, br_taken:1, ta:8000023c
000000ca 8000023c 01078793   addi x15, x15, 0x010        x15:80000500, x15:800004f0, imm:00000010
000000cb 80000240 01058593   addi x11, x11, 0x010        x11:80000480, x11:80000470, imm:00000010
000000cc 80000244 fef614e3   bne x12, x15, 0x8000022c    x12:80000520, x15:80000500, soff:ffffffe8, br_taken:1, ta:8000022c
000000cd 8000022c 0007b683   ld x13, 0x000(x15)          x13:00000000aaaaaaaa, x15:0000000080000500, imm:0000000000000000, eaddr:0000000080000500
000000ce 80000230 0005b703   ld x14, 0x000(x11)          x14:00000000aaaaaaaa, x11:0000000080000480, imm:0000000000000000, eaddr:0000000080000480
000000cf 80000234 00e68c63   beq x13, x14, 0x8000024c    x13:aaaaaaaa, x14:aaaaaaaa, soff:00000018, br_taken:1, ta:8000024c
000000d0 8000024c 0087b683   ld x13, 0x008(x15)          x13:00000000aaaaaaaa, x15:0000000080000500, imm:0000000000000008, eaddr:0000000080000508
000000d1 80000250 0085b703   ld x14, 0x008(x11)          x14:00000000aaaaaaaa, x11:0000000080000480, imm:0000000000000008, eaddr:0000000080000488
000000d2 80000254 fee692e3   bne x13, x14, 0x80000238    x13:aaaaaaaa, x14:aaaaaaaa, soff:ffffffe4, br_taken:0, ta:80000238
000000d3 80000258 fe5ff06f   jal x0, 0x8000023c          x0:00000000, soff:ffffffe4, br_taken:1, ta:8000023c
000000d4 8000023c 01078793   addi x15, x15, 0x010        x15:80000510, x15:80000500, imm:00000010
000000d5 80000240 01058593   addi x11, x11, 0x010        x11:80000490, x11:80000480, imm:00000010
000000d6 80000244 fef614e3   bne x12, x15, 0x8000022c    x12:80000520, x15:80000510, soff:ffffffe8, br_taken:1, ta:8000022c
000000d7 8000022c 0007b683   ld x13, 0x000(x15)          x13:00000000aaaaaaaa, x15:0000000080000510, imm:0000000000000000, eaddr:0000000080000510
000000d8 80000230 0005b703   ld x14, 0x000(x11)          x14:00000000aaaaaaaa, x11:0000000080000490, imm:0000000000000000, eaddr:0000000080000490
000000d9 80000234 00e68c63   beq x13, x14, 0x8000024c    x13:aaaaaaaa, x14:aaaaaaaa, soff:00000018, br_taken:1, ta:8000024c
000000da 8000024c 0087b683   ld x13, 0x008(x15)          x13:00000000aaaaaa98, x15:0000000080000510, imm:0000000000000008, eaddr:0000000080000518
000000db 80000250 0085b703   ld x14, 0x008(x11)          x14:00000000aaaaaa98, x11:0000000080000490, imm:0000000000000008, eaddr:0000000080000498
000000dc 80000254 fee692e3   bne x13, x14, 0x80000238    x13:aaaaaa98, x14:aaaaaa98, soff:ffffffe4, br_taken:0, ta:80000238
000000dd 80000258 fe5ff06f   jal x0, 0x8000023c          x0:00000000, soff:ffffffe4, br_taken:1, ta:8000023c
000000de 8000023c 01078793   addi x15, x15, 0x010        x15:80000520, x15:80000510, imm:00000010
000000df 80000240 01058593   addi x11, x11, 0x010        x11:800004a0, x11:80000490, imm:00000010
000000e0 80000244 fef614e3   bne x12, x15, 0x8000022c    x12:80000520, x15:80000520, soff:ffffffe8, br_taken:0, ta:8000022c
000000e1 80000248 00008067   jalr x0, x1, 0x0            x0:00000000, x1:8000006c, soff:00000000, br_taken:1, ta:8000006c
000000e2 8000006c 00a46433   or x8, x8, x10              x8:00000000, x8:00000000, x10:00000000
000000e3 80000070 00000597   auipc x11, 0x00000          x11:80000070, imm:00000000
000000e4 80000074 4b058593   addi x11, x11, 0x4b0        x11:80000520, x11:80000070, imm:000004b0
000000e5 80000078 00000517   auipc x10, 0x00000          x10:80000078, imm:00000000
000000e6 8000007c 52850513   addi x10, x10, 0x528        x10:800005a0, x10:80000078, imm:00000528
000000e7 80000080 00000097   auipc x1, 0x00000           x1:80000080, imm:00000000
000000e8 80000084 1dc080e7   jalr x1, x1, 0x1dc          x1:80000088, x1:80000080, soff:000001dc, br_taken:1, ta:8000025c
000000e9 8000025c 89abd7b7   lui x15, 0x89abd            x15:89abd000, imm:89abd000
000000ea 80000260 def78793   addi x15, x15, 0xdef        x15:89abcdef, x15:89abd000, imm:fffffdef
000000eb 80000264 00f52023   sw x15, 0x000(x10)          x15:89abcdef, soff:00000000, x10:800005a0, eaddr:800005a0
000000ec 80000268 00f528a3   sw x15, 0x011(x10)          x15:89abcdef, soff:00000011, x10:800005a0, eaddr:800005b1
000000ed 8000026c 02f52123   sw x15, 0x022(x10)          x15:89abcdef, soff:00000022, x10:800005a0, eaddr:800005c2
000000ee 80000270 01234737   lui x14, 0x01234            x14:01234000, imm:01234000
000000ef 80000274 02f529a3   sw x15, 0x033(x10)          x15:89abcdef, soff:00000033, x10:800005a0, eaddr:800005d3
000000f0 80000278 56770713   addi x14, x14, 0x567        x14:01234567, x14:01234000, imm:00000567
000000f1 8000027c 04e52223   sw x14, 0x044(x10)          x14:01234567, soff:00000044, x10:800005a0, eaddr:800005e4
000000f2 80000280 04e52aa3   sw x14, 0x055(x10)          x14:01234567, soff:00000055, x10:800005a0, eaddr:800005f5
000000f3 80000284 06e52323   sw x14, 0x066(x10)          x14:01234567, soff:00000066, x10:800005a0, eaddr:80000606
000000f4 80000288 00050793   addi x15, x10, 0x000        x15:800005a0, x10:800005a0, imm:00000000
000000f5 8000028c 06e52ba3   sw x14, 0x077(x10)          x14:01234567, soff:00000077, x10:800005a0, eaddr:80000617
000000f6 80000290 08050613   addi x12, x10, 0x080        x12:80000620, x10:800005a0, imm:00000080
000000f7 80000294 00000513   addi x10, x0, 0x000         x10:00000000, x0:00000000, imm:00000000
000000f8 80000298 0007b683   ld x13, 0x000(x15)          x13:0000000089abcdef, x15:00000000800005a0, imm:0000000000000000, eaddr:00000000800005a0
000000f9 8000029c 0005b703   ld x14, 0x000(x11)          x14:0000000089abcdef, x11:0000000080000520, imm:0000000000000000, eaddr:0000000080000520
000000fa 800002a0 00e68c63   beq x13, x14, 0x800002b8    x13:89abcdef, x14:89abcdef, soff:00000018, br_taken:1, ta:800002b8
000000fb 800002b8 0087b683   ld x13, 0x008(x15)          x13:00000000aaaaaaaa, x15:00000000800005a0, imm:0000000000000008, eaddr:00000000800005a8
000000fc 800002bc 0085b703   ld x14, 0x008(x11)          x14:00000000aaaaaaaa, x11:0000000080000520, imm:0000000000000008, eaddr:0000000080000528
000000fd 800002c0 fee692e3   bne x13, x14, 0x800002a4    x13:aaaaaaaa, x14:aaaaaaaa, soff:ffffffe4, br_taken:0, ta:800002a4
000000fe 800002c4 fe5ff06f   jal x0, 0x800002a8          x0:00000000, soff:ffffffe4, br_taken:1, ta:800002a8
000000ff 800002a8 01078793   addi x15, x15, 0x010        x15:800005b0, x15:800005a0, imm:00000010
00000100 800002ac 01058593   addi x11, x11, 0x010        x11:80000530, x11:80000520, imm:00000010
00000101 800002b0 fef614e3   bne x12, x15, 0x80000298    x12:80000620, x15:800005b0, soff:ffffffe8, br_taken:1, ta:80000298
00000102 80000298 0007b683   ld x13, 0x000(x15)          x13:00000000abcdefaa, x15:00000000800005b0, imm:0000000000000000, eaddr:00000000800005b0
00000103 8000029c 0005b703   ld x14, 0x000(x11)          x14:00000000abcdefaa, x11:0000000080000530, imm:0000000000000000, eaddr:0000000080000530
00000104 800002a0 00e68c63   beq x13, x14, 0x800002b8    x13:abcdefaa, x14:abcdefaa, soff:00000018, br_taken:1, ta:800002b8
00000105 800002b8 0087b683   ld x13, 0x008(x15)          x13:00000000aaaaaaaa, x15:00000000800005b0, imm:0000000000000008, eaddr:00000000800005b8
00000106 800002bc 0085b703   ld x14, 0x008(x11)          x14:00000000aaaaaaaa, x11:0000000080000530, imm:0000000000000008, eaddr:0000000080000538
00000107 800002c0 fee692e3   bne x13, x14, 0x800002a4    x13:aaaaaaaa, x14:aaaaaaaa, soff:ffffffe4, br_taken:0, ta:800002a4
00000108 800002c4 fe5ff06f   jal x0, 0x800002a8          x0:00000000, soff:ffffffe4, br_taken:1, ta:800002a8
00000109 800002a8 01078793   addi x15, x15, 0x010        x15:800005c0, x15:800005b0, imm:00000010
0000010a 800002ac 01058593   addi x11, x11, 0x010        x11:80000540, x11:80000530, imm:00000010
0000010b 800002b0 fef614e3   bne x12, x15, 0x80000298    x12:80000620, x15:800005c0, soff:ffffffe8, br_taken:1, ta:80000298
0000010c 80000298 0007b683   ld x13, 0x000(x15)          x13:00000000cdefaaaa, x15:00000000800005c0, imm:0000000000000000, eaddr:00000000800005c0
0000010d 8000029c 0005b703   ld x14, 0x000(x11)          x14:00000000cdefaaaa, x11:0000000080000540, imm:0000000000000000, eaddr:0000000080000540
0000010e 800002a0 00e68c63   beq x13, x14, 0x800002b8    x13:cdefaaaa, x14:cdefaaaa, soff:00000018, br_taken:1, ta:800002b8
0000010f 800002b8 0087b683   ld x13, 0x008(x15)          x13:00000000aaaaaaaa, x15:00000000800005c0, imm:0000000000000008, eaddr:00000000800005c8
00000110 800002bc 0085b703   ld x14, 0x008(x11)          x14:00000000aaaaaaaa, x11:0000000080000540, imm:0000000000000008, eaddr:0000000080000548
00000111 800002c0 fee692e3   bne x13, x14, 0x800002a4    x13:aaaaaaaa, x14:aaaaaaaa, soff:ffffffe4, br_taken:0, ta:800002a4
00000112 800002c4 fe5ff06f   jal x0, 0x800002a8          x0:00000000, soff:ffffffe4, br_taken:1, ta:800002a8
00000113 800002a8 01078793   addi x15, x15, 0x010        x15:800005d0, x15:800005c0, imm:00000010
00000114 800002ac 01058593   addi x11, x11, 0x010        x11:80000550, x11:80000540, imm:00000010
00000115 800002b0 fef614e3   bne x12, x15, 0x80000298    x12:80000620, x15:800005d0, soff:ffffffe8, br_taken:1, ta:80000298
00000116 80000298 0007b683   ld x13, 0x000(x15)          x13:00000000efaaaaaa, x15:00000000800005d0, imm:0000000000000000, eaddr:00000000800005d0
00000117 8000029c 0005b703   ld x14, 0x000(x11)          x14:00000000efaaaaaa, x11:0000000080000550, imm:0000000000000000, eaddr:0000000080000550
00000118 800002a0 00e68c63   beq x13, x14, 0x800002b8    x13:efaaaaaa, x14:efaaaaaa, soff:00000018, br_taken:1, ta:800002b8
00000119 800002b8 0087b683   ld x13, 0x008(x15)          x13:00000000aaaaaaaa, x15:00000000800005d0, imm:0000000000000008, eaddr:00000000800005d8
0000011a 800002bc 0085b703   ld x14, 0x008(x11)          x14:00000000aaaaaaaa, x11:0000000080000550, imm:0000000000000008, eaddr:0000000080000558
0000011b 800002c0 fee692e3   bne x13, x14, 0x800002a4    x13:aaaaaaaa, x14:aaaaaaaa, soff:ffffffe4, br_taken:0, ta:800002a4
0000011c 800002c4 fe5ff06f   jal x0, 0x800002a8          x0:00000000, soff:ffffffe4, br_taken:1, ta:800002a8
0000011d 800002a8 01078793   addi x15, x15, 0x010        x15:800005e0, x15:800005d0, imm:00000010
0000011e 800002ac 01058593   addi x11, x11, 0x010        x11:80000560, x11:80000550, imm:00000010
0000011f 800002b0 fef614e3   bne x12, x15, 0x80000298    x12:80000620, x15:800005e0, soff:ffffffe8, br_taken:1, ta:80000298
00000120 80000298 0007b683   ld x13, 0x000(x15)          x13:00000000aaaaaaaa, x15:00000000800005e0, imm:0000000000000000, eaddr:00000000800005e0
00000121 8000029c 0005b703   ld x14, 0x000(x11)          x14:00000000aaaaaaaa, x11:0000000080000560, imm:0000000000000000, eaddr:0000000080000560
00000122 800002a0 00e68c63   beq x13, x14, 0x800002b8    x13:aaaaaaaa, x14:aaaaaaaa, soff:00000018, br_taken:1, ta:800002b8
00000123 800002b8 0087b683   ld x13, 0x008(x15)          x13:00000000aaaaaaaa, x15:00000000800005e0, imm:0000000000000008, eaddr:00000000800005e8
00000124 800002bc 0085b703   ld x14, 0x008(x11)          x14:00000000aaaaaaaa, x11:0000000080000560, imm:0000000000000008, eaddr:0000000080000568
00000125 800002c0 fee692e3   bne x13, x14, 0x800002a4    x13:aaaaaaaa, x14:aaaaaaaa, soff:ffffffe4, br_taken:0, ta:800002a4
00000126 800002c4 fe5ff06f   jal x0, 0x800002a8          x0:00000000, soff:ffffffe4, br_taken:1, ta:800002a8
00000127 800002a8 01078793   addi x15, x15, 0x010        x15:800005f0, x15:800005e0, imm:00000010
00000128 800002ac 01058593   addi x11, x11, 0x010        x11:80000570, x11:80000560, imm:00000010
00000129 800002b0 fef614e3   bne x12, x15, 0x80000298    x12:80000620, x15:800005f0, soff:ffffffe8, br_taken:1, ta:80000298
0000012a 80000298 0007b683   ld x13, 0x000(x15)          x13:00000000aaaaaaaa, x15:00000000800005f0, imm:0000000000000000, eaddr:00000000800005f0
0000012b 8000029c 0005b703   ld x14, 0x000(x11)          x14:00000000aaaaaaaa, x11:0000000080000570, imm:0000000000000000, eaddr:0000000080000570
0000012c 800002a0 00e68c63   beq x13, x14, 0x800002b8    x13:aaaaaaaa, x14:aaaaaaaa, soff:00000018, br_taken:1, ta:800002b8
0000012d 800002b8 0087b683   ld x13, 0x008(x15)          x13:00000000aaaaaa01, x15:00000000800005f0, imm:0000000000000008, eaddr:00000000800005f8
0000012e 800002bc 0085b703   ld x14, 0x008(x11)          x14:00000000aaaaaa01, x11:0000000080000570, imm:0000000000000008, eaddr:0000000080000578
0000012f 800002c0 fee692e3   bne x13, x14, 0x800002a4    x13:aaaaaa01, x14:aaaaaa01, soff:ffffffe4, br_taken:0, ta:800002a4
00000130 800002c4 fe5ff06f   jal x0, 0x800002a8          x0:00000000, soff:ffffffe4, br_taken:1, ta:800002a8
00000131 800002a8 01078793   addi x15, x15, 0x010        x15:80000600, x15:800005f0, imm:00000010
00000132 800002ac 01058593   addi x11, x11, 0x010        x11:80000580, x11:80000570, imm:00000010
00000133 800002b0 fef614e3   bne x12, x15, 0x80000298    x12:80000620, x15:80000600, soff:ffffffe8, br_taken:1, ta:80000298
00000134 80000298 0007b683   ld x13, 0x000(x15)          x13:00000000aaaaaaaa, x15:0000000080000600, imm:0000000000000000, eaddr:0000000080000600
00000135 8000029c 0005b703   ld x14, 0x000(x11)          x14:00000000aaaaaaaa, x11:0000000080000580, imm:0000000000000000, eaddr:0000000080000580
00000136 800002a0 00e68c63   beq x13, x14, 0x800002b8    x13:aaaaaaaa, x14:aaaaaaaa, soff:00000018, br_taken:1, ta:800002b8
00000137 800002b8 0087b683   ld x13, 0x008(x15)          x13:00000000aaaa0123, x15:0000000080000600, imm:0000000000000008, eaddr:0000000080000608
00000138 800002bc 0085b703   ld x14, 0x008(x11)          x14:00000000aaaa0123, x11:0000000080000580, imm:0000000000000008, eaddr:0000000080000588
00000139 800002c0 fee692e3   bne x13, x14, 0x800002a4    x13:aaaa0123, x14:aaaa0123, soff:ffffffe4, br_taken:0, ta:800002a4
0000013a 800002c4 fe5ff06f   jal x0, 0x800002a8          x0:00000000, soff:ffffffe4, br_taken:1, ta:800002a8
0000013b 800002a8 01078793   addi x15, x15, 0x010        x15:80000610, x15:80000600, imm:00000010
0000013c 800002ac 01058593   addi x11, x11, 0x010        x11:80000590, x11:80000580, imm:00000010
0000013d 800002b0 fef614e3   bne x12, x15, 0x80000298    x12:80000620, x15:80000610, soff:ffffffe8, br_taken:1, ta:80000298
0000013e 80000298 0007b683   ld x13, 0x000(x15)          x13:00000000aaaaaaaa, x15:0000000080000610, imm:0000000000000000, eaddr:0000000080000610
0000013f 8000029c 0005b703   ld x14, 0x000(x11)          x14:00000000aaaaaaaa, x11:0000000080000590, imm:0000000000000000, eaddr:0000000080000590
00000140 800002a0 00e68c63   beq x13, x14, 0x800002b8    x13:aaaaaaaa, x14:aaaaaaaa, soff:00000018, br_taken:1, ta:800002b8
00000141 800002b8 0087b683   ld x13, 0x008(x15)          x13:00000000aa012345, x15:0000000080000610, imm:0000000000000008, eaddr:0000000080000618
00000142 800002bc 0085b703   ld x14, 0x008(x11)          x14:00000000aa012345, x11:0000000080000590, imm:0000000000000008, eaddr:0000000080000598
00000143 800002c0 fee692e3   bne x13, x14, 0x800002a4    x13:aa012345, x14:aa012345, soff:ffffffe4, br_taken:0, ta:800002a4
00000144 800002c4 fe5ff06f   jal x0, 0x800002a8          x0:00000000, soff:ffffffe4, br_taken:1, ta:800002a8
00000145 800002a8 01078793   addi x15, x15, 0x010        x15:80000620, x15:80000610, imm:00000010
00000146 800002ac 01058593   addi x11, x11, 0x010        x11:800005a0, x11:80000590, imm:00000010
00000147 800002b0 fef614e3   bne x12, x15, 0x80000298    x12:80000620, x15:80000620, soff:ffffffe8, br_taken:0, ta:80000298
00000148 800002b4 00008067   jalr x0, x1, 0x0            x0:00000000, x1:80000088, soff:00000000, br_taken:1, ta:80000088
00000149 80000088 0004041b   addiw x8, x8, 0x000         x8:00000000, x8:00000000, imm:00000000
0000014a 8000008c 00a46433   or x8, x8, x10              x8:00000000, x8:00000000, x10:00000000
0000014b 80000090 00000597   auipc x11, 0x00000          x11:80000090, imm:00000000
0000014c 80000094 59058593   addi x11, x11, 0x590        x11:80000620, x11:80000090, imm:00000590
0000014d 80000098 00000517   auipc x10, 0x00000          x10:80000098, imm:00000000
0000014e 8000009c 60850513   addi x10, x10, 0x608        x10:800006a0, x10:80000098, imm:00000608
0000014f 800000a0 00000097   auipc x1, 0x00000           x1:800000a0, imm:00000000
00000150 800000a4 228080e7   jalr x1, x1, 0x228          x1:800000a8, x1:800000a0, soff:00000228, br_taken:1, ta:800002c8
00000151 800002c8 00050793   addi x15, x10, 0x000        x15:800006a0, x10:800006a0, imm:00000000
00000152 800002cc 08850613   addi x12, x10, 0x088        x12:80000728, x10:800006a0, imm:00000088
00000153 800002d0 00050713   addi x14, x10, 0x000        x14:800006a0, x10:800006a0, imm:00000000
00000154 800002d4 00000697   auipc x13, 0x00000          x13:800002d4, imm:00000000
00000155 800002d8 df46b683   ld x13, 0xdf4(x13)          x13:000000004c5d6e7f, x13:00000000800002d4, imm:00000000fffffdf4, eaddr:00000000800000c8
00000156 800002dc 00d73023   sd x13, 0x000(x14)          x13:4c5d6e7f, soff:00000000, x14:800006a0, eaddr:800006a0
00000157 800002e0 01170713   addi x14, x14, 0x011        x14:800006b1, x14:800006a0, imm:00000011
00000158 800002e4 fec71ce3   bne x14, x12, 0x800002dc    x14:800006b1, x12:80000728, soff:fffffff8, br_taken:1, ta:800002dc
00000159 800002dc 00d73023   sd x13, 0x000(x14)          x13:4c5d6e7f, soff:00000000, x14:800006b1, eaddr:800006b1
0000015a 800002e0 01170713   addi x14, x14, 0x011        x14:800006c2, x14:800006b1, imm:00000011
0000015b 800002e4 fec71ce3   bne x14, x12, 0x800002dc    x14:800006c2, x12:80000728, soff:fffffff8, br_taken:1, ta:800002dc
0000015c 800002dc 00d73023   sd x13, 0x000(x14)          x13:4c5d6e7f, soff:00000000, x14:800006c2, eaddr:800006c2
0000015d 800002e0 01170713   addi x14, x14, 0x011        x14:800006d3, x14:800006c2, imm:00000011
0000015e 800002e4 fec71ce3   bne x14, x12, 0x800002dc    x14:800006d3, x12:80000728, soff:fffffff8, br_taken:1, ta:800002dc
0000015f 800002dc 00d73023   sd x13, 0x000(x14)          x13:4c5d6e7f, soff:00000000, x14:800006d3, eaddr:800006d3
00000160 800002e0 01170713   addi x14, x14, 0x011        x14:800006e4, x14:800006d3, imm:00000011
00000161 800002e4 fec71ce3   bne x14, x12, 0x800002dc    x14:800006e4, x12:80000728, soff:fffffff8, br_taken:1, ta:800002dc
00000162 800002dc 00d73023   sd x13, 0x000(x14)          x13:4c5d6e7f, soff:00000000, x14:800006e4, eaddr:800006e4
00000163 800002e0 01170713   addi x14, x14, 0x011        x14:800006f5, x14:800006e4, imm:00000011
00000164 800002e4 fec71ce3   bne x14, x12, 0x800002dc    x14:800006f5, x12:80000728, soff:fffffff8, br_taken:1, ta:800002dc
00000165 800002dc 00d73023   sd x13, 0x000(x14)          x13:4c5d6e7f, soff:00000000, x14:800006f5, eaddr:800006f5
00000166 800002e0 01170713   addi x14, x14, 0x011        x14:80000706, x14:800006f5, imm:00000011
00000167 800002e4 fec71ce3   bne x14, x12, 0x800002dc    x14:80000706, x12:80000728, soff:fffffff8, br_taken:1, ta:800002dc
00000168 800002dc 00d73023   sd x13, 0x000(x14)          x13:4c5d6e7f, soff:00000000, x14:80000706, eaddr:80000706
00000169 800002e0 01170713   addi x14, x14, 0x011        x14:80000717, x14:80000706, imm:00000011
0000016a 800002e4 fec71ce3   bne x14, x12, 0x800002dc    x14:80000717, x12:80000728, soff:fffffff8, br_taken:1, ta:800002dc
0000016b 800002dc 00d73023   sd x13, 0x000(x14)          x13:4c5d6e7f, soff:00000000, x14:80000717, eaddr:80000717
0000016c 800002e0 01170713   addi x14, x14, 0x011        x14:80000728, x14:80000717, imm:00000011
0000016d 800002e4 fec71ce3   bne x14, x12, 0x800002dc    x14:80000728, x12:80000728, soff:fffffff8, br_taken:0, ta:800002dc
0000016e 800002e8 08078613   addi x12, x15, 0x080        x12:80000720, x15:800006a0, imm:00000080
0000016f 800002ec 00000513   addi x10, x0, 0x000         x10:00000000, x0:00000000, imm:00000000
00000170 800002f0 0007b683   ld x13, 0x000(x15)          x13:000000004c5d6e7f, x15:00000000800006a0, imm:0000000000000000, eaddr:00000000800006a0
00000171 800002f4 0005b703   ld x14, 0x000(x11)          x14:000000004c5d6e7f, x11:0000000080000620, imm:0000000000000000, eaddr:0000000080000620
00000172 800002f8 00e68c63   beq x13, x14, 0x80000310    x13:4c5d6e7f, x14:4c5d6e7f, soff:00000018, br_taken:1, ta:80000310
00000173 80000310 0087b683   ld x13, 0x008(x15)          x13:00000000aaaaaaaa, x15:00000000800006a0, imm:0000000000000008, eaddr:00000000800006a8
00000174 80000314 0085b703   ld x14, 0x008(x11)          x14:00000000aaaaaaaa, x11:0000000080000620, imm:0000000000000008, eaddr:0000000080000628
00000175 80000318 fee692e3   bne x13, x14, 0x800002fc    x13:aaaaaaaa, x14:aaaaaaaa, soff:ffffffe4, br_taken:0, ta:800002fc
00000176 8000031c fe5ff06f   jal x0, 0x80000300          x0:00000000, soff:ffffffe4, br_taken:1, ta:80000300
00000177 80000300 01078793   addi x15, x15, 0x010        x15:800006b0, x15:800006a0, imm:00000010
00000178 80000304 01058593   addi x11, x11, 0x010        x11:80000630, x11:80000620, imm:00000010
00000179 80000308 fef614e3   bne x12, x15, 0x800002f0    x12:80000720, x15:800006b0, soff:ffffffe8, br_taken:1, ta:800002f0
0000017a 800002f0 0007b683   ld x13, 0x000(x15)          x13:000000005d6e7faa, x15:00000000800006b0, imm:0000000000000000, eaddr:00000000800006b0
0000017b 800002f4 0005b703   ld x14, 0x000(x11)          x14:000000005d6e7faa, x11:0000000080000630, imm:0000000000000000, eaddr:0000000080000630
0000017c 800002f8 00e68c63   beq x13, x14, 0x80000310    x13:5d6e7faa, x14:5d6e7faa, soff:00000018, br_taken:1, ta:80000310
0000017d 80000310 0087b683   ld x13, 0x008(x15)          x13:00000000aaaaaa08, x15:00000000800006b0, imm:0000000000000008, eaddr:00000000800006b8
0000017e 80000314 0085b703   ld x14, 0x008(x11)          x14:00000000aaaaaa08, x11:0000000080000630, imm:0000000000000008, eaddr:0000000080000638
0000017f 80000318 fee692e3   bne x13, x14, 0x800002fc    x13:aaaaaa08, x14:aaaaaa08, soff:ffffffe4, br_taken:0, ta:800002fc
00000180 8000031c fe5ff06f   jal x0, 0x80000300          x0:00000000, soff:ffffffe4, br_taken:1, ta:80000300
00000181 80000300 01078793   addi x15, x15, 0x010        x15:800006c0, x15:800006b0, imm:00000010
00000182 80000304 01058593   addi x11, x11, 0x010        x11:80000640, x11:80000630, imm:00000010
00000183 80000308 fef614e3   bne x12, x15, 0x800002f0    x12:80000720, x15:800006c0, soff:ffffffe8, br_taken:1, ta:800002f0
00000184 800002f0 0007b683   ld x13, 0x000(x15)          x13:000000006e7faaaa, x15:00000000800006c0, imm:0000000000000000, eaddr:00000000800006c0
00000185 800002f4 0005b703   ld x14, 0x000(x11)          x14:000000006e7faaaa, x11:0000000080000640, imm:0000000000000000, eaddr:0000000080000640
00000186 800002f8 00e68c63   beq x13, x14, 0x80000310    x13:6e7faaaa, x14:6e7faaaa, soff:00000018, br_taken:1, ta:80000310
00000187 80000310 0087b683   ld x13, 0x008(x15)          x13:00000000aaaa0819, x15:00000000800006c0, imm:0000000000000008, eaddr:00000000800006c8
00000188 80000314 0085b703   ld x14, 0x008(x11)          x14:00000000aaaa0819, x11:0000000080000640, imm:0000000000000008, eaddr:0000000080000648
00000189 80000318 fee692e3   bne x13, x14, 0x800002fc    x13:aaaa0819, x14:aaaa0819, soff:ffffffe4, br_taken:0, ta:800002fc
0000018a 8000031c fe5ff06f   jal x0, 0x80000300          x0:00000000, soff:ffffffe4, br_taken:1, ta:80000300
0000018b 80000300 01078793   addi x15, x15, 0x010        x15:800006d0, x15:800006c0, imm:00000010
0000018c 80000304 01058593   addi x11, x11, 0x010        x11:80000650, x11:80000640, imm:00000010
0000018d 80000308 fef614e3   bne x12, x15, 0x800002f0    x12:80000720, x15:800006d0, soff:ffffffe8, br_taken:1, ta:800002f0
0000018e 800002f0 0007b683   ld x13, 0x000(x15)          x13:000000007faaaaaa, x15:00000000800006d0, imm:0000000000000000, eaddr:00000000800006d0
0000018f 800002f4 0005b703   ld x14, 0x000(x11)          x14:000000007faaaaaa, x11:0000000080000650, imm:0000000000000000, eaddr:0000000080000650
00000190 800002f8 00e68c63   beq x13, x14, 0x80000310    x13:7faaaaaa, x14:7faaaaaa, soff:00000018, br_taken:1, ta:80000310
00000191 80000310 0087b683   ld x13, 0x008(x15)          x13:00000000aa08192a, x15:00000000800006d0, imm:0000000000000008, eaddr:00000000800006d8
00000192 80000314 0085b703   ld x14, 0x008(x11)          x14:00000000aa08192a, x11:0000000080000650, imm:0000000000000008, eaddr:0000000080000658
00000193 80000318 fee692e3   bne x13, x14, 0x800002fc    x13:aa08192a, x14:aa08192a, soff:ffffffe4, br_taken:0, ta:800002fc
00000194 8000031c fe5ff06f   jal x0, 0x80000300          x0:00000000, soff:ffffffe4, br_taken:1, ta:80000300
00000195 80000300 01078793   addi x15, x15, 0x010        x15:800006e0, x15:800006d0, imm:00000010
00000196 80000304 01058593   addi x11, x11, 0x010        x11:80000660, x11:80000650, imm:00000010
00000197 80000308 fef614e3   bne x12, x15, 0x800002f0    x12:80000720, x15:800006e0, soff:ffffffe8, br_taken:1, ta:800002f0
00000198 800002f0 0007b683   ld x13, 0x000(x15)          x13:00000000aaaaaaaa, x15:00000000800006e0, imm:0000000000000000, eaddr:00000000800006e0
00000199 800002f4 0005b703   ld x14, 0x000(x11)          x14:00000000aaaaaaaa, x11:0000000080000660, imm:0000000000000000, eaddr:0000000080000660
0000019a 800002f8 00e68c63   beq x13, x14, 0x80000310    x13:aaaaaaaa, x14:aaaaaaaa, soff:00000018, br_taken:1, ta:80000310
0000019b 80000310 0087b683   ld x13, 0x008(x15)          x13:0000000008192a3b, x15:00000000800006e0, imm:0000000000000008, eaddr:00000000800006e8
0000019c 80000314 0085b703   ld x14, 0x008(x11)          x14:0000000008192a3b, x11:0000000080000660, imm:0000000000000008, eaddr:0000000080000668
0000019d 80000318 fee692e3   bne x13, x14, 0x800002fc    x13:08192a3b, x14:08192a3b, soff:ffffffe4, br_taken:0, ta:800002fc
0000019e 8000031c fe5ff06f   jal x0, 0x80000300          x0:00000000, soff:ffffffe4, br_taken:1, ta:80000300
0000019f 80000300 01078793   addi x15, x15, 0x010        x15:800006f0, x15:800006e0, imm:00000010
000001a0 80000304 01058593   addi x11, x11, 0x010        x11:80000670, x11:80000660, imm:00000010
000001a1 80000308 fef614e3   bne x12, x15, 0x800002f0    x12:80000720, x15:800006f0, soff:ffffffe8, br_taken:1, ta:800002f0
000001a2 800002f0 0007b683   ld x13, 0x000(x15)          x13:00000000aaaaaaaa, x15:00000000800006f0, imm:0000000000000000, eaddr:00000000800006f0
000001a3 800002f4 0005b703   ld x14, 0x000(x11)          x14:00000000aaaaaaaa, x11:0000000080000670, imm:0000000000000000, eaddr:0000000080000670
000001a4 800002f8 00e68c63   beq x13, x14, 0x80000310    x13:aaaaaaaa, x14:aaaaaaaa, soff:00000018, br_taken:1, ta:80000310
000001a5 80000310 0087b683   ld x13, 0x008(x15)          x13:00000000192a3b4c, x15:00000000800006f0, imm:0000000000000008, eaddr:00000000800006f8
000001a6 80000314 0085b703   ld x14, 0x008(x11)          x14:00000000192a3b4c, x11:0000000080000670, imm:0000000000000008, eaddr:0000000080000678
000001a7 80000318 fee692e3   bne x13, x14, 0x800002fc    x13:192a3b4c, x14:192a3b4c, soff:ffffffe4, br_taken:0, ta:800002fc
000001a8 8000031c fe5ff06f   jal x0, 0x80000300          x0:00000000, soff:ffffffe4, br_taken:1, ta:80000300
000001a9 80000300 01078793   addi x15, x15, 0x010        x15:80000700, x15:800006f0, imm:00000010
000001aa 80000304 01058593   addi x11, x11, 0x010        x11:80000680, x11:80000670, imm:00000010
000001ab 80000308 fef614e3   bne x12, x15, 0x800002f0    x12:80000720, x15:80000700, soff:ffffffe8, br_taken:1, ta:800002f0
000001ac 800002f0 0007b683   ld x13, 0x000(x15)          x13:00000000aaaaaaaa, x15:0000000080000700, imm:0000000000000000, eaddr:0000000080000700
000001ad 800002f4 0005b703   ld x14, 0x000(x11)          x14:00000000aaaaaaaa, x11:0000000080000680, imm:0000000000000000, eaddr:0000000080000680
000001ae 800002f8 00e68c63   beq x13, x14, 0x80000310    x13:aaaaaaaa, x14:aaaaaaaa, soff:00000018, br_taken:1, ta:80000310
000001af 80000310 0087b683   ld x13, 0x008(x15)          x13:000000002a3b4c5d, x15:0000000080000700, imm:0000000000000008, eaddr:0000000080000708
000001b0 80000314 0085b703   ld x14, 0x008(x11)          x14:000000002a3b4c5d, x11:0000000080000680, imm:0000000000000008, eaddr:0000000080000688
000001b1 80000318 fee692e3   bne x13, x14, 0x800002fc    x13:2a3b4c5d, x14:2a3b4c5d, soff:ffffffe4, br_taken:0, ta:800002fc
000001b2 8000031c fe5ff06f   jal x0, 0x80000300          x0:00000000, soff:ffffffe4, br_taken:1, ta:80000300
000001b3 80000300 01078793   addi x15, x15, 0x010        x15:80000710, x15:80000700, imm:00000010
000001b4 80000304 01058593   addi x11, x11, 0x010        x11:80000690, x11:80000680, imm:00000010
000001b5 80000308 fef614e3   bne x12, x15, 0x800002f0    x12:80000720, x15:80000710, soff:ffffffe8, br_taken:1, ta:800002f0
000001b6 800002f0 0007b683   ld x13, 0x000(x15)          x13:00000000aaaaaaaa, x15:0000000080000710, imm:0000000000000000, eaddr:0000000080000710
000001b7 800002f4 0005b703   ld x14, 0x000(x11)          x14:00000000aaaaaaaa, x11:0000000080000690, imm:0000000000000000, eaddr:0000000080000690
000001b8 800002f8 00e68c63   beq x13, x14, 0x80000310    x13:aaaaaaaa, x14:aaaaaaaa, soff:00000018, br_taken:1, ta:80000310
000001b9 80000310 0087b683   ld x13, 0x008(x15)          x13:000000003b4c5d6e, x15:0000000080000710, imm:0000000000000008, eaddr:0000000080000718
000001ba 80000314 0085b703   ld x14, 0x008(x11)          x14:000000003b4c5d6e, x11:0000000080000690, imm:0000000000000008, eaddr:0000000080000698
000001bb 80000318 fee692e3   bne x13, x14, 0x800002fc    x13:3b4c5d6e, x14:3b4c5d6e, soff:ffffffe4, br_taken:0, ta:800002fc
000001bc 8000031c fe5ff06f   jal x0, 0x80000300          x0:00000000, soff:ffffffe4, br_taken:1, ta:80000300
000001bd 80000300 01078793   addi x15, x15, 0x010        x15:80000720, x15:80000710, imm:00000010
000001be 80000304 01058593   addi x11, x11, 0x010        x11:800006a0, x11:80000690, imm:00000010
000001bf 80000308 fef614e3   bne x12, x15, 0x800002f0    x12:80000720, x15:80000720, soff:ffffffe8, br_taken:0, ta:800002f0
000001c0 8000030c 00008067   jalr x0, x1, 0x0            x0:00000000, x1:800000a8, soff:00000000, br_taken:1, ta:800000a8
000001c1 800000a8 0004041b   addiw x8, x8, 0x000         x8:00000000, x8:00000000, imm:00000000
000001c2 800000ac 00813083   ld x1, 0x008(x2)            x1:000000008000001c, x2:000000008001fff0, imm:0000000000000008, eaddr:000000008001fff8
000001c3 800000b0 00a46533   or x10, x8, x10             x10:00000000, x8:00000000, x10:00000000
000001c4 800000b4 00013403   ld x8, 0x000(x2)            x8:0000000000000000, x2:000000008001fff0, imm:0000000000000000, eaddr:000000008001fff0
000001c5 800000b8 0005051b   addiw x10, x10, 0x000       x10:00000000, x10:00000000, imm:00000000
000001c6 800000bc 01010113   addi x2, x2, 0x010          x2:80020000, x2:8001fff0, imm:00000010
000001c7 800000c0 00008067   jalr x0, x1, 0x0            x0:00000000, x1:8000001c, soff:00000000, br_taken:1, ta:8000001c
000001c8 8000001c 00000317   auipc x6, 0x00000           x6:8000001c, imm:00000000
000001c9 80000020 72430313   addi x6, x6, 0x724          x6:80000740, x6:8000001c, imm:00000724
000001ca 80000024 00a32023   sw x10, 0x000(x6)           x10:00000000, soff:00000000, x6:80000740, eaddr:80000740
