00000000 80000000 0040006f   jal x0, 0x80000004          x0:00000000, soff:00000004, br_taken:1, ta:80000004
00000001 80000004 00100093   addi x1, x0, 0x001          x1:00000001, x0:00000000, imm:00000001
00000002 80000008 00200113   addi x2, x0, 0x002          x2:00000002, x0:00000000, imm:00000002
00000003 8000000c 00300193   addi x3, x0, 0x003          x3:00000003, x0:00000000, imm:00000003
00000004 80000010 01234237   lui x4, 0x01234             x4:01234000, imm:01234000
00000005 80000014 5672021b   addiw x4, x4, 0x567         x4:01234567, x4:01234000, imm:00000567
00000006 80000018 0008a2b7   lui x5, 0x0008a             x5:0008a000, imm:0008a000
00000007 8000001c abd2829b   addiw x5, x5, 0xabd         x5:00089abd, x5:0008a000, imm:fffffabd
00000008 80000020 00c29293   slli x5, x5, 0xc            x5:89abd000, x5:00089abd, shamt:0c
00000009 80000024 def28293   addi x5, x5, 0xdef          x5:89abcdef, x5:89abd000, imm:fffffdef
0000000a 80000028 66666337   lui x6, 0x66666             x6:66666000, imm:66666000
0000000b 8000002c 6663031b   addiw x6, x6, 0x666         x6:66666666, x6:66666000, imm:00000666
0000000c 80000030 777773b7   lui x7, 0x77777             x7:77777000, imm:77777000
0000000d 80000034 7773839b   addiw x7, x7, 0x777         x7:77777777, x7:77777000, imm:00000777
0000000e 80000038 00089437   lui x8, 0x00089             x8:00089000, imm:00089000
0000000f 8000003c 8894041b   addiw x8, x8, 0x889         x8:00088889, x8:00089000, imm:fffff889
00000010 80000040 00c41413   slli x8, x8, 0xc            x8:88889000, x8:00088889, shamt:0c
00000011 80000044 88840413   addi x8, x8, 0x888          x8:88888888, x8:88889000, imm:fffff888
00000012 80000048 0004d4b7   lui x9, 0x0004d             x9:0004d000, imm:0004d000
00000013 8000004c ccd4849b   addiw x9, x9, 0xccd         x9:0004cccd, x9:0004d000, imm:fffffccd
00000014 80000050 00d49493   slli x9, x9, 0xd            x9:9999a000, x9:0004cccd, shamt:0d
00000015 80000054 99948493   addi x9, x9, 0x999          x9:99999999, x9:9999a000, imm:fffff999
00000016 80000058 000ab537   lui x10, 0x000ab            x10:000ab000, imm:000ab000
00000017 8000005c aab5051b   addiw x10, x10, 0xaab       x10:000aaaab, x10:000ab000, imm:fffffaab
00000018 80000060 00c51513   slli x10, x10, 0xc          x10:aaaab000, x10:000aaaab, shamt:0c
00000019 80000064 aaa50513   addi x10, x10, 0xaaa        x10:aaaaaaaa, x10:aaaab000, imm:fffffaaa
0000001a 80000068 0002f5b7   lui x11, 0x0002f            x11:0002f000, imm:0002f000
0000001b 8000006c eef5859b   addiw x11, x11, 0xeef       x11:0002eeef, x11:0002f000, imm:fffffeef
0000001c 80000070 00e59593   slli x11, x11, 0xe          x11:bbbbc000, x11:0002eeef, shamt:0e
0000001d 80000074 bbb58593   addi x11, x11, 0xbbb        x11:bbbbbbbb, x11:bbbbc000, imm:fffffbbb
0000001e 80000078 0020818b   0x20818b                    x11:bbbbbbbb, x11:bbbbc000, imm:fffffbbb
0000001f 8000007c 0073003f   00000000_0073003f        
         80000080 00000000
00000020 80000084 0094107f   00000000_00000000_0094107f
         80000088 00000000
         8000008c 00000000
00000021 80000090 00b5307f   00000000_00000000_00000000_00b5307f
         80000094 00000000
         80000098 00000000
         8000009c 00000000
00000022 800000a0 0000003f   00c000a0_0000003f        
         800000a4 00c000a0
00000023 800000a8 00000f93   addi x31, x0, 0x000         x31:00000000, x0:00000000, imm:00000000
00000024 800000ac 0080006f   jal x0, 0x800000b4          x0:00000000, soff:00000008, br_taken:1, ta:800000b4
00000025 800000b4 00000c17   auipc x24, 0x00000          x24:800000b4, imm:00000000
00000026 800000b8 01cc0c13   addi x24, x24, 0x01c        x24:800000d0, x24:800000b4, imm:0000001c
00000027 800000bc 01fc2023   sw x31, 0x000(x24)          x31:00000000, soff:00000000, x24:800000d0, eaddr:800000d0
