00000000 80000000 0440006f   jal x0, 0x80000044          x0:00000000, soff:00000044, br_taken:1, ta:80000044
00000001 80000044 00100093   addi x1, x0, 0x001          x1:00000001, x0:00000000, imm:00000001
00000002 80000048 00200113   addi x2, x0, 0x002          x2:00000002, x0:00000000, imm:00000002
00000003 8000004c 00300193   addi x3, x0, 0x003          x3:00000003, x0:00000000, imm:00000003
00000004 80000050 f14028f3   csrrs x17, 0xf14, x0        x17:00000000, imm: 000, x0:00000000
00000005 80000054 07101a63   bne x0, x17, 0x800000c8     x0:00000000, x17:00000000, soff:00000074, br_taken:0, ta:800000c8
00000006 80000058 fff6e837   lui x16, 0xfff6e            x16:fff6e000, imm:fff6e000
00000007 8000005c 5d58081b   addiw x16, x16, 0x5d5       x16:fff6e5d5, x16:fff6e000, imm:000005d5
00000008 80000060 00c81813   slli x16, x16, 0xc          x16:6e5d5000, x16:fff6e5d5, shamt:0c
00000009 80000064 c3b80813   addi x16, x16, 0xc3b        x16:6e5d4c3b, x16:6e5d5000, imm:fffffc3b
0000000a 80000068 00d81813   slli x16, x16, 0xd          x16:a9876000, x16:6e5d4c3b, shamt:0d
0000000b 8000006c 54380813   addi x16, x16, 0x543        x16:a9876543, x16:a9876000, imm:00000543
0000000c 80000070 00c81813   slli x16, x16, 0xc          x16:76543000, x16:a9876543, shamt:0c
0000000d 80000074 21080813   addi x16, x16, 0x210        x16:76543210, x16:76543000, imm:00000210
0000000e 80000078 34081073   csrrw x0, 0x340, x16        x0:00000000, imm: 000, x16:76543210
0000000f 8000007c 340028f3   csrrs x17, 0x340, x0        x17:76543210, imm: 000, x0:00000000
00000010 80000080 05181463   bne x16, x17, 0x800000c8    x16:76543210, x17:76543210, soff:00000048, br_taken:0, ta:800000c8
00000011 80000084 00000817   auipc x16, 0x00000          x16:80000084, imm:00000000
00000012 80000088 f8080813   addi x16, x16, 0xf80        x16:80000004, x16:80000084, imm:ffffff80
00000013 8000008c 30581073   csrrw x0, 0x305, x16        x0:00000000, imm: 000, x16:80000004
00000014 80000004 340c1073   csrrw x0, 0x340, x24        x0:00000000, imm: 000, x24:00000000
00000015 80000008 00000c17   auipc x24, 0x00000          x24:80000008, imm:00000000
00000016 8000000c 0d8c0c13   addi x24, x24, 0x0d8        x24:800000e0, x24:80000008, imm:000000d8
00000017 80000010 019c3023   sd x25, 0x000(x24)          x25:00000000, soff:00000000, x24:800000e0, eaddr:800000e0
00000018 80000014 34202cf3   csrrs x25, 0x342, x0        x25:0000000b, imm: 000, x0:00000000
00000019 80000018 00000c17   auipc x24, 0x00000          x24:80000018, imm:00000000
0000001a 8000001c 0c0c0c13   addi x24, x24, 0x0c0        x24:800000d8, x24:80000018, imm:000000c0
0000001b 80000020 019c3023   sd x25, 0x000(x24)          x25:0000000b, soff:00000000, x24:800000d8, eaddr:800000d8
0000001c 80000024 34102cf3   csrrs x25, 0x341, x0        x25:80000090, imm: 000, x0:00000000
0000001d 80000028 004c8c93   addi x25, x25, 0x004        x25:80000094, x25:80000090, imm:00000004
0000001e 8000002c 341c9073   csrrw x0, 0x341, x25        x0:00000000, imm: 000, x25:80000094
0000001f 80000030 00000c17   auipc x24, 0x00000          x24:80000030, imm:00000000
00000020 80000034 0b0c0c13   addi x24, x24, 0x0b0        x24:800000e0, x24:80000030, imm:000000b0
00000021 80000038 000c3c83   ld x25, 0x000(x24)          x25:0000000000000000, x24:00000000800000e0, imm:0000000000000000, eaddr:00000000800000e0
00000022 8000003c 34002c73   csrrs x24, 0x340, x0        x24:00000000, imm: 000, x0:00000000
00000023 80000040 30200073   mret                        
00000024 80000094 00000a17   auipc x20, 0x00000          x20:80000094, imm:00000000
00000025 80000098 044a0a13   addi x20, x20, 0x044        x20:800000d8, x20:80000094, imm:00000044
00000026 8000009c 000a3a83   ld x21, 0x000(x20)          x21:000000000000000b, x20:00000000800000d8, imm:0000000000000000, eaddr:00000000800000d8
00000027 800000a0 00b00b13   addi x22, x0, 0x00b         x22:0000000b, x0:00000000, imm:0000000b
00000028 800000a4 035b1263   bne x22, x21, 0x800000c8    x22:0000000b, x21:0000000b, soff:00000024, br_taken:0, ta:800000c8
00000029 80000004 340c1073   csrrw x0, 0x340, x24        x0:00000000, imm: 000, x24:00000000
0000002a 80000008 00000c17   auipc x24, 0x00000          x24:80000008, imm:00000000
0000002b 8000000c 0d8c0c13   addi x24, x24, 0x0d8        x24:800000e0, x24:80000008, imm:000000d8
0000002c 80000010 019c3023   sd x25, 0x000(x24)          x25:00000000, soff:00000000, x24:800000e0, eaddr:800000e0
0000002d 80000014 34202cf3   csrrs x25, 0x342, x0        x25:00000003, imm: 000, x0:00000000
0000002e 80000018 00000c17   auipc x24, 0x00000          x24:80000018, imm:00000000
0000002f 8000001c 0c0c0c13   addi x24, x24, 0x0c0        x24:800000d8, x24:80000018, imm:000000c0
00000030 80000020 019c3023   sd x25, 0x000(x24)          x25:00000003, soff:00000000, x24:800000d8, eaddr:800000d8
00000031 80000024 34102cf3   csrrs x25, 0x341, x0        x25:800000a8, imm: 000, x0:00000000
00000032 80000028 004c8c93   addi x25, x25, 0x004        x25:800000ac, x25:800000a8, imm:00000004
00000033 8000002c 341c9073   csrrw x0, 0x341, x25        x0:00000000, imm: 000, x25:800000ac
00000034 80000030 00000c17   auipc x24, 0x00000          x24:80000030, imm:00000000
00000035 80000034 0b0c0c13   addi x24, x24, 0x0b0        x24:800000e0, x24:80000030, imm:000000b0
00000036 80000038 000c3c83   ld x25, 0x000(x24)          x25:0000000000000000, x24:00000000800000e0, imm:0000000000000000, eaddr:00000000800000e0
00000037 8000003c 34002c73   csrrs x24, 0x340, x0        x24:00000000, imm: 000, x0:00000000
00000038 80000040 30200073   mret                        
00000039 800000ac 00000a17   auipc x20, 0x00000          x20:800000ac, imm:00000000
0000003a 800000b0 02ca0a13   addi x20, x20, 0x02c        x20:800000d8, x20:800000ac, imm:0000002c
0000003b 800000b4 000a3a83   ld x21, 0x000(x20)          x21:0000000000000003, x20:00000000800000d8, imm:0000000000000000, eaddr:00000000800000d8
0000003c 800000b8 00300b13   addi x22, x0, 0x003         x22:00000003, x0:00000000, imm:00000003
0000003d 800000bc 015b1663   bne x22, x21, 0x800000c8    x22:00000003, x21:00000003, soff:0000000c, br_taken:0, ta:800000c8
0000003e 800000c0 00000f93   addi x31, x0, 0x000         x31:00000000, x0:00000000, imm:00000000
0000003f 800000c4 0080006f   jal x0, 0x800000cc          x0:00000000, soff:00000008, br_taken:1, ta:800000cc
00000040 800000cc 00000c17   auipc x24, 0x00000          x24:800000cc, imm:00000000
00000041 800000d0 01cc0c13   addi x24, x24, 0x01c        x24:800000e8, x24:800000cc, imm:0000001c
00000042 800000d4 01fc2023   sw x31, 0x000(x24)          x31:00000000, soff:00000000, x24:800000e8, eaddr:800000e8
