00000000 80000000 0500006f   jal x0, 0x80000050          x0:00000000, soff:00000050, br_taken:1, ta:80000050
00000001 80000050 00100093   addi x1, x0, 0x001          x1:00000001, x0:00000000, imm:00000001
00000002 80000054 00200113   addi x2, x0, 0x002          x2:00000002, x0:00000000, imm:00000002
00000003 80000058 00300193   addi x3, x0, 0x003          x3:00000003, x0:00000000, imm:00000003
00000004 8000005c f14028f3   csrrs x17, 0xf14, x0        x17:00000000, imm: 000, x0:00000000
00000005 80000060 09101c63   bne x0, x17, 0x800000f8     x0:00000000, x17:00000000, soff:00000098, br_taken:0, ta:800000f8
00000006 80000064 fff6e837   lui x16, 0xfff6e            x16:fff6e000, imm:fff6e000
00000007 80000068 5d58081b   addiw x16, x16, 0x5d5       x16:fff6e5d5, x16:fff6e000, imm:000005d5
00000008 8000006c 00c81813   slli x16, x16, 0xc          x16:6e5d5000, x16:fff6e5d5, shamt:0c
00000009 80000070 c3b80813   addi x16, x16, 0xc3b        x16:6e5d4c3b, x16:6e5d5000, imm:fffffc3b
0000000a 80000074 00d81813   slli x16, x16, 0xd          x16:a9876000, x16:6e5d4c3b, shamt:0d
0000000b 80000078 54380813   addi x16, x16, 0x543        x16:a9876543, x16:a9876000, imm:00000543
0000000c 8000007c 00c81813   slli x16, x16, 0xc          x16:76543000, x16:a9876543, shamt:0c
0000000d 80000080 21080813   addi x16, x16, 0x210        x16:76543210, x16:76543000, imm:00000210
0000000e 80000084 34081073   csrrw x0, 0x340, x16        x0:00000000, imm: 000, x16:76543210
0000000f 80000088 340028f3   csrrs x17, 0x340, x0        x17:76543210, imm: 000, x0:00000000
00000010 8000008c 07181663   bne x16, x17, 0x800000f8    x16:76543210, x17:76543210, soff:0000006c, br_taken:0, ta:800000f8
00000011 80000090 00000817   auipc x16, 0x00000          x16:80000090, imm:00000000
00000012 80000094 f7480813   addi x16, x16, 0xf74        x16:80000004, x16:80000090, imm:ffffff74
00000013 80000098 30581073   csrrw x0, 0x305, x16        x0:00000000, imm: 000, x16:80000004
00000014 8000009c 30447073   csrrci x0, 0x304, 0x8       x0:00000000, imm: 008, x8:76543210
00000015 800000a0 30047073   csrrci x0, 0x300, 0x8       x0:00000000, imm: 008, x8:76543210
00000016 800000a4 00000a17   auipc x20, 0x00000          x20:800000a4, imm:00000000
00000017 800000a8 074a0a13   addi x20, x20, 0x074        x20:80000118, x20:800000a4, imm:00000074
00000018 800000ac 000a3023   sd x0, 0x000(x20)           x0:00000000, soff:00000000, x20:80000118, eaddr:80000118
00000019 800000b0 02000a37   lui x20, 0x02000            x20:02000000, imm:02000000
0000001a 800000b4 00100a93   addi x21, x0, 0x001         x21:00000001, x0:00000000, imm:00000001
0000001b 800000b8 015a3023   sd x21, 0x000(x20)          x21:00000001, soff:00000000, x20:02000000, eaddr:02000000
0000001c 800000bc 30446073   csrrsi x0, 0x304 0x8        x0:00000000, imm: 008, x8:80000118
0000001d 800000c0 30046073   csrrsi x0, 0x300 0x8        x0:00000000, imm: 008, x8:80000118
0000001e 800000c4 00000a17   auipc x20, 0x00000          x20:800000c4, imm:00000000
0000001f 800000c8 054a0a13   addi x20, x20, 0x054        x20:80000118, x20:800000c4, imm:00000054
00000020 800000cc 000a3a83   ld x21, 0x000(x20)          x21:0000000000000000, x20:0000000080000118, imm:0000000000000000, eaddr:0000000080000118
00000021 80000004 340c1073   csrrw x0, 0x340, x24        x0:00000000, imm: 000, x24:00000000
00000022 80000008 00000c17   auipc x24, 0x00000          x24:80000008, imm:00000000
00000023 8000000c 108c0c13   addi x24, x24, 0x108        x24:80000110, x24:80000008, imm:00000108
00000024 80000010 019c3023   sd x25, 0x000(x24)          x25:00000000, soff:00000000, x24:80000110, eaddr:80000110
00000025 80000014 02000c37   lui x24, 0x02000            x24:02000000, imm:02000000
00000026 80000018 000c3023   sd x0, 0x000(x24)           x0:00000000, soff:00000000, x24:02000000, eaddr:02000000
00000027 8000001c 34202cf3   csrrs x25, 0x342, x0        x25:00000003, imm: 000, x0:00000000
00000028 80000020 00000c17   auipc x24, 0x00000          x24:80000020, imm:00000000
00000029 80000024 0e8c0c13   addi x24, x24, 0x0e8        x24:80000108, x24:80000020, imm:000000e8
0000002a 80000028 019c3023   sd x25, 0x000(x24)          x25:00000003, soff:00000000, x24:80000108, eaddr:80000108
0000002b 8000002c 00000c17   auipc x24, 0x00000          x24:8000002c, imm:00000000
0000002c 80000030 0ecc0c13   addi x24, x24, 0x0ec        x24:80000118, x24:8000002c, imm:000000ec
0000002d 80000034 00100c93   addi x25, x0, 0x001         x25:00000001, x0:00000000, imm:00000001
0000002e 80000038 019c3023   sd x25, 0x000(x24)          x25:00000001, soff:00000000, x24:80000118, eaddr:80000118
0000002f 8000003c 00000c17   auipc x24, 0x00000          x24:8000003c, imm:00000000
00000030 80000040 0d4c0c13   addi x24, x24, 0x0d4        x24:80000110, x24:8000003c, imm:000000d4
00000031 80000044 000c3c83   ld x25, 0x000(x24)          x25:0000000000000000, x24:0000000080000110, imm:0000000000000000, eaddr:0000000080000110
00000032 80000048 34002c73   csrrs x24, 0x340, x0        x24:00000000, imm: 000, x0:00000000
00000033 8000004c 30200073   mret                        
00000034 800000d0 fe0a8ee3   beq x21, x0, 0x800000cc     x21:00000000, x0:00000000, soff:fffffffc, br_taken:1, ta:800000cc
00000035 800000cc 000a3a83   ld x21, 0x000(x20)          x21:0000000000000001, x20:0000000080000118, imm:0000000000000000, eaddr:0000000080000118
00000036 800000d0 fe0a8ee3   beq x21, x0, 0x800000cc     x21:00000001, x0:00000000, soff:fffffffc, br_taken:0, ta:800000cc
00000037 800000d4 00000a17   auipc x20, 0x00000          x20:800000d4, imm:00000000
00000038 800000d8 034a0a13   addi x20, x20, 0x034        x20:80000108, x20:800000d4, imm:00000034
00000039 800000dc 000a3a83   ld x21, 0x000(x20)          x21:0000000000000003, x20:0000000080000108, imm:0000000000000000, eaddr:0000000080000108
0000003a 800000e0 00100b13   addi x22, x0, 0x001         x22:00000001, x0:00000000, imm:00000001
0000003b 800000e4 03fb1b13   slli x22, x22, 0x3f         x22:00000000, x22:00000001, shamt:1f
0000003c 800000e8 003b0b13   addi x22, x22, 0x003        x22:00000003, x22:00000000, imm:00000003
0000003d 800000ec 015b1663   bne x22, x21, 0x800000f8    x22:00000003, x21:00000003, soff:0000000c, br_taken:0, ta:800000f8
0000003e 800000f0 00000f93   addi x31, x0, 0x000         x31:00000000, x0:00000000, imm:00000000
0000003f 800000f4 0080006f   jal x0, 0x800000fc          x0:00000000, soff:00000008, br_taken:1, ta:800000fc
00000040 800000fc 00000c17   auipc x24, 0x00000          x24:800000fc, imm:00000000
00000041 80000100 024c0c13   addi x24, x24, 0x024        x24:80000120, x24:800000fc, imm:00000024
00000042 80000104 01fc2023   sw x31, 0x000(x24)          x31:00000000, soff:00000000, x24:80000120, eaddr:80000120
